<?xml version="1.0" encoding="UTF-8"?>
<!-- Generated by org.testng.reporters.JUnitReportReporter -->
<testsuite hostname="LAPTOP-M1TC7PID" failures="0" tests="1" name="CoreJava.PS1" time="0.023" errors="0" timestamp="2025-01-28T20:11:47 IST" skipped="0">
  <testcase classname="CoreJava.PS1" name="operation" time="0.023"/>
  <system-out/>
</testsuite> <!-- CoreJava.PS1 -->
