<?xml version="1.0" encoding="UTF-8"?>
<!-- Generated by org.testng.reporters.JUnitReportReporter -->
<testsuite hostname="LAPTOP-M1TC7PID" failures="0" tests="2" name="TestngTest.day3" time="0.002" errors="0" timestamp="2025-02-12T08:24:53 IST" skipped="1">
  <testcase classname="TestngTest.day3" name="MobileLoginCarLoan" time="0.002"/>
  <system-out/>
  <testcase classname="TestngTest.day3" name="MobileSignInCarLoan">
    <skipped/>
  </testcase> <!-- MobileSignInCarLoan -->
  <system-out/>
</testsuite> <!-- TestngTest.day3 -->
