<?xml version="1.0" encoding="UTF-8"?>
<!-- Generated by org.testng.reporters.JUnitReportReporter -->
<testsuite hostname="LAPTOP-M1TC7PID" failures="0" tests="1" name="TestngTest.day4" time="0.001" errors="0" timestamp="2025-02-12T08:24:53 IST" skipped="0">
  <testcase classname="TestngTest.day4" name="WebLoginHomeLoan" time="0.001"/>
  <system-out/>
</testsuite> <!-- TestngTest.day4 -->
